WdgMtb: ACCESS depth1_om@EXTRUSION is AVAILABLE (CB)
WdgMtb: ACCESS depth1_om@EXTRUSION is AVAILABLE (CB)
WdgMtb: ACCESS depth1_om@EXTRUSION is AVAILABLE (CB)
WdgMtb: ACCESS depth1_om@EXTRUSION is AVAILABLE (CB)
WdgMtb: ACCESS depth2_set_popup@extrev_feature_popup@EXTRUSION is AVAILABLE (CB)
WdgMtb: ACCESS depth1_om@EXTRUSION is AVAILABLE (CB)
WdgMtb: ACCESS depth2_set_popup@extrev_feature_popup@EXTRUSION is AVAILABLE (CB)
WdgMtb: ACCESS depth1_om@EXTRUSION is AVAILABLE (CB)
WdgMtb: ACCESS depth2_set_popup@extrev_feature_popup@EXTRUSION is AVAILABLE (CB)
WdgMtb: ACCESS ui_hle_light_wt_cbut@HOLE is AVAILABLE (CB)
WdgMtb: ACCESS HlemnuDepthToFlip@HoleDepRefRMBMenu@HOLE is invisible (UI)
WdgMtb: ACCESS ui_hole_plcmnt_type_omnu@HOLE is AVAILABLE (CB)
WdgMtb: ACCESS ui_hole_plcmnt_type_omnu@HOLE is AVAILABLE (CB)
WdgMtb: ACCESS ui_hole_plc_dir_opt_omnu@HOLE is unavailable (CB)
WdgMtb: ACCESS ui_hole_plcmnt_type_omnu@HOLE is AVAILABLE (CB)
WdgMtb: ACCESS ui_hole_plcmnt_type_omnu@HOLE is AVAILABLE (CB)
WdgMtb: ACCESS ui_hole_plcmnt_type_omnu@HOLE is AVAILABLE (CB)
WdgMtb: ACCESS ui_hle_top_clrn_cbut@ui_hole_top_clrn_rep@HOLE is AVAILABLE (CB)
WdgMtb: ACCESS ui_hle_light_wt_cbut@HOLE is AVAILABLE (CB)
WdgMtb: ACCESS HlemnuDepthToFlip@HoleDepRefRMBMenu@HOLE is invisible (UI)
WdgMtb: ACCESS ui_hole_plcmnt_type_omnu@HOLE is AVAILABLE (CB)
WdgMtb: ACCESS ui_hole_plc_dir_opt_omnu@HOLE is unavailable (CB)
WdgMtb: ACCESS ui_hle_top_clrn_cbut@ui_hole_top_clrn_rep@HOLE is AVAILABLE (CB)
WdgMtb: ACCESS ui_hole_plcmnt_type_omnu@HOLE is AVAILABLE (CB)
WdgMtb: ACCESS ui_hole_plcmnt_type_omnu@HOLE is AVAILABLE (CB)
WdgMtb: ACCESS ui_hle_light_wt_cbut@HOLE is AVAILABLE (CB)
WdgMtb: ACCESS HlemnuDepthToFlip@HoleDepRefRMBMenu@HOLE is invisible (UI)
WdgMtb: ACCESS ui_hole_plc_dir_opt_omnu@HOLE is unavailable (CB)
WdgMtb: ACCESS ui_hle_top_clrn_cbut@ui_hole_top_clrn_rep@HOLE is AVAILABLE (CB)
WdgMtb: ACCESS ui_hle_light_wt_cbut@HOLE is AVAILABLE (CB)
WdgMtb: ACCESS HlemnuDepthToFlip@HoleDepRefRMBMenu@HOLE is invisible (UI)
WdgMtb: ACCESS ui_hole_plcmnt_type_omnu@HOLE is AVAILABLE (CB)
WdgMtb: ACCESS ui_hole_plc_dir_opt_omnu@HOLE is unavailable (CB)
WdgMtb: ACCESS ui_hle_top_clrn_cbut@ui_hole_top_clrn_rep@HOLE is AVAILABLE (CB)
WdgMtb: ACCESS ui_hole_plcmnt_type_omnu@HOLE is AVAILABLE (CB)
WdgMtb: ACCESS ui_hole_plcmnt_type_omnu@HOLE is AVAILABLE (CB)
WdgMtb: ACCESS ui_hle_light_wt_cbut@HOLE is AVAILABLE (CB)
WdgMtb: ACCESS HlemnuDepthToFlip@HoleDepRefRMBMenu@HOLE is invisible (UI)
WdgMtb: ACCESS ui_hole_plc_dir_opt_omnu@HOLE is unavailable (CB)
WdgMtb: ACCESS ui_hle_top_clrn_cbut@ui_hole_top_clrn_rep@HOLE is AVAILABLE (CB)
WdgMtb: ACCESS ui_hle_light_wt_cbut@HOLE is AVAILABLE (CB)
WdgMtb: ACCESS HlemnuDepthToFlip@HoleDepRefRMBMenu@HOLE is invisible (UI)
WdgMtb: ACCESS ui_hole_plcmnt_type_omnu@HOLE is AVAILABLE (CB)
WdgMtb: ACCESS ui_hole_plc_dir_opt_omnu@HOLE is unavailable (CB)
WdgMtb: ACCESS ui_hle_top_clrn_cbut@ui_hole_top_clrn_rep@HOLE is AVAILABLE (CB)
WdgMtb: ACCESS ui_hle_light_wt_cbut@HOLE is AVAILABLE (CB)
WdgMtb: ACCESS HlemnuDepthToFlip@HoleDepRefRMBMenu@HOLE is invisible (UI)
WdgMtb: ACCESS ui_hole_plcmnt_type_omnu@HOLE is AVAILABLE (CB)
WdgMtb: ACCESS ui_hole_plc_dir_opt_omnu@HOLE is unavailable (CB)
WdgMtb: ACCESS ui_hle_top_clrn_cbut@ui_hole_top_clrn_rep@HOLE is AVAILABLE (CB)
WdgMtb: ACCESS ui_hle_light_wt_cbut@HOLE is AVAILABLE (CB)
WdgMtb: ACCESS HlemnuDepthToFlip@HoleDepRefRMBMenu@HOLE is invisible (UI)
WdgMtb: ACCESS ui_hole_plcmnt_type_omnu@HOLE is AVAILABLE (CB)
WdgMtb: ACCESS ui_hole_plc_dir_opt_omnu@HOLE is unavailable (CB)
WdgMtb: ACCESS ui_hle_top_clrn_cbut@ui_hole_top_clrn_rep@HOLE is AVAILABLE (CB)
WdgMtb: ACCESS ui_hole_plcmnt_type_omnu@HOLE is AVAILABLE (CB)
WdgMtb: ACCESS ui_hle_light_wt_cbut@HOLE is AVAILABLE (CB)
WdgMtb: ACCESS HlemnuDepthToFlip@HoleDepRefRMBMenu@HOLE is invisible (UI)
WdgMtb: ACCESS ui_hole_plcmnt_type_omnu@HOLE is AVAILABLE (CB)
WdgMtb: ACCESS ui_hole_plc_dir_opt_omnu@HOLE is unavailable (CB)
WdgMtb: ACCESS ui_hle_top_clrn_cbut@ui_hole_top_clrn_rep@HOLE is AVAILABLE (CB)
WdgMtb: ACCESS ui_hle_light_wt_cbut@HOLE is AVAILABLE (CB)
WdgMtb: ACCESS HlemnuDepthToFlip@HoleDepRefRMBMenu@HOLE is invisible (UI)
WdgMtb: ACCESS ui_hole_plcmnt_type_omnu@HOLE is AVAILABLE (CB)
WdgMtb: ACCESS ui_hole_plc_dir_opt_omnu@HOLE is unavailable (CB)
WdgMtb: ACCESS ui_hle_top_clrn_cbut@ui_hole_top_clrn_rep@HOLE is AVAILABLE (CB)
WdgMtb: ACCESS ui_hle_light_wt_cbut@HOLE is AVAILABLE (CB)
WdgMtb: ACCESS HlemnuDepthToFlip@HoleDepRefRMBMenu@HOLE is invisible (UI)
WdgMtb: ACCESS ui_hole_plcmnt_type_omnu@HOLE is AVAILABLE (CB)
WdgMtb: ACCESS ui_hole_plc_dir_opt_omnu@HOLE is unavailable (CB)
WdgMtb: ACCESS ui_hle_top_clrn_cbut@ui_hole_top_clrn_rep@HOLE is AVAILABLE (CB)
WdgMtb: ACCESS ui_hle_light_wt_cbut@HOLE is AVAILABLE (CB)
WdgMtb: ACCESS HlemnuDepthToFlip@HoleDepRefRMBMenu@HOLE is invisible (UI)
WdgMtb: ACCESS ui_hole_plcmnt_type_omnu@HOLE is AVAILABLE (CB)
WdgMtb: ACCESS ui_hole_plc_dir_opt_omnu@HOLE is unavailable (CB)
WdgMtb: ACCESS ui_hle_top_clrn_cbut@ui_hole_top_clrn_rep@HOLE is AVAILABLE (CB)
WdgMtb: ACCESS ui_hle_light_wt_cbut@HOLE is AVAILABLE (CB)
WdgMtb: ACCESS HlemnuDepthToFlip@HoleDepRefRMBMenu@HOLE is invisible (UI)
WdgMtb: ACCESS ui_hole_plcmnt_type_omnu@HOLE is AVAILABLE (CB)
WdgMtb: ACCESS ui_hole_plc_dir_opt_omnu@HOLE is unavailable (CB)
WdgMtb: ACCESS ui_hle_top_clrn_cbut@ui_hole_top_clrn_rep@HOLE is AVAILABLE (CB)
WdgMtb: ACCESS ui_hle_light_wt_cbut@HOLE is AVAILABLE (CB)
WdgMtb: ACCESS HlemnuDepthToFlip@HoleDepRefRMBMenu@HOLE is invisible (UI)
WdgMtb: ACCESS ui_hole_plcmnt_type_omnu@HOLE is AVAILABLE (CB)
WdgMtb: ACCESS ui_hole_plc_dir_opt_omnu@HOLE is unavailable (CB)
WdgMtb: ACCESS ui_hle_top_clrn_cbut@ui_hole_top_clrn_rep@HOLE is AVAILABLE (CB)
WdgMtb: ACCESS ui_hle_light_wt_cbut@HOLE is AVAILABLE (CB)
WdgMtb: ACCESS HlemnuDepthToFlip@HoleDepRefRMBMenu@HOLE is invisible (UI)
WdgMtb: ACCESS ui_hole_plcmnt_type_omnu@HOLE is AVAILABLE (CB)
WdgMtb: ACCESS ui_hole_plc_dir_opt_omnu@HOLE is unavailable (CB)
WdgMtb: ACCESS ui_hle_top_clrn_cbut@ui_hole_top_clrn_rep@HOLE is AVAILABLE (CB)
WdgMtb: ACCESS ui_hle_light_wt_cbut@HOLE is AVAILABLE (CB)
WdgMtb: ACCESS HlemnuDepthToFlip@HoleDepRefRMBMenu@HOLE is invisible (UI)
WdgMtb: ACCESS ui_hole_plcmnt_type_omnu@HOLE is AVAILABLE (CB)
WdgMtb: ACCESS ui_hole_plc_dir_opt_omnu@HOLE is unavailable (CB)
WdgMtb: ACCESS ui_hle_top_clrn_cbut@ui_hole_top_clrn_rep@HOLE is AVAILABLE (CB)
WdgMtb: ACCESS ui_hle_light_wt_cbut@HOLE is AVAILABLE (CB)
WdgMtb: ACCESS HlemnuDepthToFlip@HoleDepRefRMBMenu@HOLE is invisible (UI)
WdgMtb: ACCESS ui_hole_plcmnt_type_omnu@HOLE is AVAILABLE (CB)
WdgMtb: ACCESS ui_hole_plc_dir_opt_omnu@HOLE is unavailable (CB)
WdgMtb: ACCESS ui_hle_top_clrn_cbut@ui_hole_top_clrn_rep@HOLE is AVAILABLE (CB)
WdgMtb: ACCESS ui_hole_plcmnt_type_omnu@HOLE is invisible (UI)
WdgMtb: ACCESS shp_str_hole_to_dep_typ_omnu@HOLE is AVAILABLE (CB)
WdgMtb: ACCESS shp_str_hole_to_dep_typ_omnu@HOLE is AVAILABLE (CB)
WdgMtb: ACCESS shp_str_hole_to_dep_typ_omnu@HOLE is AVAILABLE (CB)
WdgMtb: ACCESS shp_str_hole_to_dep_typ_omnu@HOLE is AVAILABLE (CB)
WdgMtb: ACCESS shp_str_hole_to_dep_typ_omnu@HOLE is AVAILABLE (CB)
WdgMtb: ACCESS shp_str_hole_to_dep_typ_omnu@HOLE is AVAILABLE (CB)
WdgMtb: ACCESS shp_str_hole_to_dep_typ_omnu@HOLE is AVAILABLE (CB)
WdgMtb: ACCESS shp_str_hole_to_dep_typ_omnu@HOLE is AVAILABLE (CB)
WdgMtb: ACCESS shp_str_hole_to_dep_typ_omnu@HOLE is AVAILABLE (CB)
WdgMtb: ACCESS shp_str_hole_to_dep_typ_omnu@HOLE is AVAILABLE (CB)
WdgMtb: ACCESS shp_str_hole_to_dep_typ_omnu@HOLE is AVAILABLE (CB)
WdgMtb: ACCESS shp_str_hole_to_dep_typ_omnu@HOLE is AVAILABLE (CB)
WdgMtb: ACCESS shp_str_hole_to_dep_typ_omnu@HOLE is AVAILABLE (CB)
WdgMtb: ACCESS shp_str_hole_to_dep_typ_omnu@HOLE is AVAILABLE (CB)
WdgMtb: ACCESS solid_surf_rg@REVOLUTION is AVAILABLE (CB)
WdgMtb: ACCESS remove_material_popup@extrev_feature_popup@REVOLUTION is invisible (UI)
WdgMtb: ACCESS thick_sketch_popup@extrev_feature_popup@REVOLUTION is AVAILABLE (CB)
WdgMtb: ACCESS DefineRmbBtn@extrev_feature_popup@REVOLUTION is AVAILABLE (CB)
WdgMtb: ACCESS SketchRmbBtn@extrev_feature_popup@REVOLUTION is invisible (UI)
WdgMtb: ACCESS InternalCL@REVOLUTION is unavailable (CB)
WdgMtb: ACCESS cap_ends_popup@extrev_feature_popup@REVOLUTION is invisible (UI)
WdgMtb: ACCESS solid_surf_rg@REVOLUTION is AVAILABLE (CB)
WdgMtb: ACCESS remove_material_popup@extrev_feature_popup@REVOLUTION is invisible (UI)
WdgMtb: ACCESS thick_sketch_popup@extrev_feature_popup@REVOLUTION is AVAILABLE (CB)
WdgMtb: ACCESS DefineRmbBtn@extrev_feature_popup@REVOLUTION is AVAILABLE (CB)
WdgMtb: ACCESS SketchRmbBtn@extrev_feature_popup@REVOLUTION is invisible (UI)
WdgMtb: ACCESS InternalCL@REVOLUTION is unavailable (CB)
WdgMtb: ACCESS cap_ends_popup@extrev_feature_popup@REVOLUTION is invisible (UI)
WdgMtb: ACCESS solid_surf_rg@REVOLUTION is invisible (UI)
WdgMtb: ACCESS remove_material_popup@extrev_feature_popup@REVOLUTION is invisible (UI)
WdgMtb: ACCESS thick_sketch_popup@extrev_feature_popup@REVOLUTION is invisible (UI)
WdgMtb: ACCESS DefineRmbBtn@extrev_feature_popup@REVOLUTION is invisible (UI)
WdgMtb: ACCESS SketchRmbBtn@extrev_feature_popup@REVOLUTION is invisible (UI)
WdgMtb: ACCESS InternalCL@REVOLUTION is invisible (UI)
WdgMtb: ACCESS cap_ends_popup@extrev_feature_popup@REVOLUTION is invisible (UI)
WdgMtb: ACCESS solid_surf_rg@REVOLUTION is invisible (UI)
WdgMtb: ACCESS remove_material_popup@extrev_feature_popup@REVOLUTION is invisible (UI)
WdgMtb: ACCESS thick_sketch_popup@extrev_feature_popup@REVOLUTION is invisible (UI)
WdgMtb: ACCESS DefineRmbBtn@extrev_feature_popup@REVOLUTION is invisible (UI)
WdgMtb: ACCESS SketchRmbBtn@extrev_feature_popup@REVOLUTION is invisible (UI)
WdgMtb: ACCESS InternalCL@REVOLUTION is invisible (UI)
WdgMtb: ACCESS cap_ends_popup@extrev_feature_popup@REVOLUTION is invisible (UI)
WdgMtb: ACCESS solid_surf_rg@REVOLUTION is invisible (UI)
WdgMtb: ACCESS remove_material_popup@extrev_feature_popup@REVOLUTION is invisible (UI)
WdgMtb: ACCESS thick_sketch_popup@extrev_feature_popup@REVOLUTION is invisible (UI)
WdgMtb: ACCESS DefineRmbBtn@extrev_feature_popup@REVOLUTION is invisible (UI)
WdgMtb: ACCESS SketchRmbBtn@extrev_feature_popup@REVOLUTION is invisible (UI)
WdgMtb: ACCESS InternalCL@REVOLUTION is invisible (UI)
WdgMtb: ACCESS cap_ends_popup@extrev_feature_popup@REVOLUTION is invisible (UI)
WdgMtb: ACCESS solid_surf_rg@REVOLUTION is invisible (UI)
WdgMtb: ACCESS remove_material_popup@extrev_feature_popup@REVOLUTION is invisible (UI)
WdgMtb: ACCESS thick_sketch_popup@extrev_feature_popup@REVOLUTION is invisible (UI)
WdgMtb: ACCESS DefineRmbBtn@extrev_feature_popup@REVOLUTION is invisible (UI)
WdgMtb: ACCESS SketchRmbBtn@extrev_feature_popup@REVOLUTION is invisible (UI)
WdgMtb: ACCESS InternalCL@REVOLUTION is invisible (UI)
WdgMtb: ACCESS cap_ends_popup@extrev_feature_popup@REVOLUTION is invisible (UI)
WdgMtb: ACCESS solid_surf_rg@REVOLUTION is invisible (UI)
WdgMtb: ACCESS remove_material_popup@extrev_feature_popup@REVOLUTION is invisible (UI)
WdgMtb: ACCESS thick_sketch_popup@extrev_feature_popup@REVOLUTION is invisible (UI)
WdgMtb: ACCESS DefineRmbBtn@extrev_feature_popup@REVOLUTION is invisible (UI)
WdgMtb: ACCESS SketchRmbBtn@extrev_feature_popup@REVOLUTION is invisible (UI)
WdgMtb: ACCESS InternalCL@REVOLUTION is invisible (UI)
WdgMtb: ACCESS cap_ends_popup@extrev_feature_popup@REVOLUTION is invisible (UI)
WdgMtb: ACCESS solid_surf_rg@REVOLUTION is invisible (UI)
WdgMtb: ACCESS remove_material_popup@extrev_feature_popup@REVOLUTION is invisible (UI)
WdgMtb: ACCESS thick_sketch_popup@extrev_feature_popup@REVOLUTION is invisible (UI)
WdgMtb: ACCESS DefineRmbBtn@extrev_feature_popup@REVOLUTION is invisible (UI)
WdgMtb: ACCESS SketchRmbBtn@extrev_feature_popup@REVOLUTION is invisible (UI)
WdgMtb: ACCESS InternalCL@REVOLUTION is invisible (UI)
WdgMtb: ACCESS cap_ends_popup@extrev_feature_popup@REVOLUTION is invisible (UI)
WdgMtb: ACCESS solid_surf_rg@REVOLUTION is invisible (UI)
WdgMtb: ACCESS remove_material_popup@extrev_feature_popup@REVOLUTION is invisible (UI)
WdgMtb: ACCESS thick_sketch_popup@extrev_feature_popup@REVOLUTION is invisible (UI)
WdgMtb: ACCESS DefineRmbBtn@extrev_feature_popup@REVOLUTION is invisible (UI)
WdgMtb: ACCESS SketchRmbBtn@extrev_feature_popup@REVOLUTION is invisible (UI)
WdgMtb: ACCESS InternalCL@REVOLUTION is invisible (UI)
WdgMtb: ACCESS cap_ends_popup@extrev_feature_popup@REVOLUTION is invisible (UI)
WdgMtb: ACCESS solid_surf_rg@REVOLUTION is invisible (UI)
WdgMtb: ACCESS remove_material_popup@extrev_feature_popup@REVOLUTION is invisible (UI)
WdgMtb: ACCESS thick_sketch_popup@extrev_feature_popup@REVOLUTION is invisible (UI)
WdgMtb: ACCESS DefineRmbBtn@extrev_feature_popup@REVOLUTION is invisible (UI)
WdgMtb: ACCESS SketchRmbBtn@extrev_feature_popup@REVOLUTION is invisible (UI)
WdgMtb: ACCESS InternalCL@REVOLUTION is invisible (UI)
WdgMtb: ACCESS cap_ends_popup@extrev_feature_popup@REVOLUTION is invisible (UI)
WdgMtb: ACCESS solid_surf_rg@REVOLUTION is invisible (UI)
WdgMtb: ACCESS remove_material_popup@extrev_feature_popup@REVOLUTION is invisible (UI)
WdgMtb: ACCESS thick_sketch_popup@extrev_feature_popup@REVOLUTION is invisible (UI)
WdgMtb: ACCESS DefineRmbBtn@extrev_feature_popup@REVOLUTION is invisible (UI)
WdgMtb: ACCESS SketchRmbBtn@extrev_feature_popup@REVOLUTION is invisible (UI)
WdgMtb: ACCESS InternalCL@REVOLUTION is invisible (UI)
WdgMtb: ACCESS cap_ends_popup@extrev_feature_popup@REVOLUTION is invisible (UI)
WdgMtb: ACCESS solid_surf_rg@REVOLUTION is invisible (UI)
WdgMtb: ACCESS remove_material_popup@extrev_feature_popup@REVOLUTION is invisible (UI)
WdgMtb: ACCESS thick_sketch_popup@extrev_feature_popup@REVOLUTION is invisible (UI)
WdgMtb: ACCESS DefineRmbBtn@extrev_feature_popup@REVOLUTION is invisible (UI)
WdgMtb: ACCESS SketchRmbBtn@extrev_feature_popup@REVOLUTION is invisible (UI)
WdgMtb: ACCESS InternalCL@REVOLUTION is invisible (UI)
WdgMtb: ACCESS cap_ends_popup@extrev_feature_popup@REVOLUTION is invisible (UI)
WdgMtb: ACCESS solid_surf_rg@REVOLUTION is invisible (UI)
WdgMtb: ACCESS remove_material_popup@extrev_feature_popup@REVOLUTION is invisible (UI)
WdgMtb: ACCESS thick_sketch_popup@extrev_feature_popup@REVOLUTION is invisible (UI)
WdgMtb: ACCESS DefineRmbBtn@extrev_feature_popup@REVOLUTION is invisible (UI)
WdgMtb: ACCESS SketchRmbBtn@extrev_feature_popup@REVOLUTION is invisible (UI)
WdgMtb: ACCESS InternalCL@REVOLUTION is invisible (UI)
WdgMtb: ACCESS cap_ends_popup@extrev_feature_popup@REVOLUTION is invisible (UI)
WdgMtb: ACCESS solid_surf_rg@REVOLUTION is invisible (UI)
WdgMtb: ACCESS remove_material_popup@extrev_feature_popup@REVOLUTION is invisible (UI)
WdgMtb: ACCESS thick_sketch_popup@extrev_feature_popup@REVOLUTION is invisible (UI)
WdgMtb: ACCESS DefineRmbBtn@extrev_feature_popup@REVOLUTION is invisible (UI)
WdgMtb: ACCESS SketchRmbBtn@extrev_feature_popup@REVOLUTION is invisible (UI)
WdgMtb: ACCESS InternalCL@REVOLUTION is invisible (UI)
WdgMtb: ACCESS cap_ends_popup@extrev_feature_popup@REVOLUTION is invisible (UI)
WdgMtb: ACCESS solid_surf_rg@REVOLUTION is invisible (UI)
WdgMtb: ACCESS remove_material_popup@extrev_feature_popup@REVOLUTION is invisible (UI)
WdgMtb: ACCESS thick_sketch_popup@extrev_feature_popup@REVOLUTION is invisible (UI)
WdgMtb: ACCESS DefineRmbBtn@extrev_feature_popup@REVOLUTION is invisible (UI)
WdgMtb: ACCESS SketchRmbBtn@extrev_feature_popup@REVOLUTION is invisible (UI)
WdgMtb: ACCESS InternalCL@REVOLUTION is invisible (UI)
WdgMtb: ACCESS cap_ends_popup@extrev_feature_popup@REVOLUTION is invisible (UI)
WdgMtb: ACCESS solid_surf_rg@REVOLUTION is invisible (UI)
WdgMtb: ACCESS remove_material_popup@extrev_feature_popup@REVOLUTION is invisible (UI)
WdgMtb: ACCESS thick_sketch_popup@extrev_feature_popup@REVOLUTION is invisible (UI)
WdgMtb: ACCESS DefineRmbBtn@extrev_feature_popup@REVOLUTION is invisible (UI)
WdgMtb: ACCESS SketchRmbBtn@extrev_feature_popup@REVOLUTION is invisible (UI)
WdgMtb: ACCESS InternalCL@REVOLUTION is invisible (UI)
WdgMtb: ACCESS cap_ends_popup@extrev_feature_popup@REVOLUTION is invisible (UI)
WdgMtb: ACCESS solid_surf_rg@REVOLUTION is invisible (UI)
WdgMtb: ACCESS remove_material_popup@extrev_feature_popup@REVOLUTION is invisible (UI)
WdgMtb: ACCESS thick_sketch_popup@extrev_feature_popup@REVOLUTION is invisible (UI)
WdgMtb: ACCESS DefineRmbBtn@extrev_feature_popup@REVOLUTION is invisible (UI)
WdgMtb: ACCESS SketchRmbBtn@extrev_feature_popup@REVOLUTION is invisible (UI)
WdgMtb: ACCESS InternalCL@REVOLUTION is invisible (UI)
WdgMtb: ACCESS cap_ends_popup@extrev_feature_popup@REVOLUTION is invisible (UI)
WdgMtb: ACCESS solid_surf_rg@REVOLUTION is invisible (UI)
WdgMtb: ACCESS remove_material_popup@extrev_feature_popup@REVOLUTION is invisible (UI)
WdgMtb: ACCESS thick_sketch_popup@extrev_feature_popup@REVOLUTION is invisible (UI)
WdgMtb: ACCESS DefineRmbBtn@extrev_feature_popup@REVOLUTION is invisible (UI)
WdgMtb: ACCESS SketchRmbBtn@extrev_feature_popup@REVOLUTION is invisible (UI)
WdgMtb: ACCESS InternalCL@REVOLUTION is invisible (UI)
WdgMtb: ACCESS cap_ends_popup@extrev_feature_popup@REVOLUTION is invisible (UI)
WdgMtb: ACCESS solid_surf_rg@REVOLUTION is invisible (UI)
WdgMtb: ACCESS remove_material_popup@extrev_feature_popup@REVOLUTION is invisible (UI)
WdgMtb: ACCESS thick_sketch_popup@extrev_feature_popup@REVOLUTION is invisible (UI)
WdgMtb: ACCESS DefineRmbBtn@extrev_feature_popup@REVOLUTION is invisible (UI)
WdgMtb: ACCESS SketchRmbBtn@extrev_feature_popup@REVOLUTION is invisible (UI)
WdgMtb: ACCESS InternalCL@REVOLUTION is invisible (UI)
WdgMtb: ACCESS cap_ends_popup@extrev_feature_popup@REVOLUTION is invisible (UI)
WdgMtb: ACCESS solid_surf_rg@REVOLUTION is invisible (UI)
WdgMtb: ACCESS remove_material_popup@extrev_feature_popup@REVOLUTION is invisible (UI)
WdgMtb: ACCESS thick_sketch_popup@extrev_feature_popup@REVOLUTION is invisible (UI)
WdgMtb: ACCESS DefineRmbBtn@extrev_feature_popup@REVOLUTION is invisible (UI)
WdgMtb: ACCESS SketchRmbBtn@extrev_feature_popup@REVOLUTION is invisible (UI)
WdgMtb: ACCESS InternalCL@REVOLUTION is invisible (UI)
WdgMtb: ACCESS cap_ends_popup@extrev_feature_popup@REVOLUTION is invisible (UI)
WdgMtb: ACCESS solid_surf_rg@REVOLUTION is invisible (UI)
WdgMtb: ACCESS remove_material_popup@extrev_feature_popup@REVOLUTION is invisible (UI)
WdgMtb: ACCESS thick_sketch_popup@extrev_feature_popup@REVOLUTION is invisible (UI)
WdgMtb: ACCESS DefineRmbBtn@extrev_feature_popup@REVOLUTION is invisible (UI)
WdgMtb: ACCESS SketchRmbBtn@extrev_feature_popup@REVOLUTION is invisible (UI)
WdgMtb: ACCESS InternalCL@REVOLUTION is invisible (UI)
WdgMtb: ACCESS cap_ends_popup@extrev_feature_popup@REVOLUTION is invisible (UI)
WdgMtb: ACCESS solid_surf_rg@REVOLUTION is invisible (UI)
WdgMtb: ACCESS remove_material_popup@extrev_feature_popup@REVOLUTION is invisible (UI)
WdgMtb: ACCESS thick_sketch_popup@extrev_feature_popup@REVOLUTION is invisible (UI)
WdgMtb: ACCESS DefineRmbBtn@extrev_feature_popup@REVOLUTION is invisible (UI)
WdgMtb: ACCESS SketchRmbBtn@extrev_feature_popup@REVOLUTION is invisible (UI)
WdgMtb: ACCESS InternalCL@REVOLUTION is invisible (UI)
WdgMtb: ACCESS cap_ends_popup@extrev_feature_popup@REVOLUTION is invisible (UI)
WdgMtb: ACCESS solid_surf_rg@REVOLUTION is invisible (UI)
WdgMtb: ACCESS remove_material_popup@extrev_feature_popup@REVOLUTION is invisible (UI)
WdgMtb: ACCESS thick_sketch_popup@extrev_feature_popup@REVOLUTION is invisible (UI)
WdgMtb: ACCESS DefineRmbBtn@extrev_feature_popup@REVOLUTION is invisible (UI)
WdgMtb: ACCESS SketchRmbBtn@extrev_feature_popup@REVOLUTION is invisible (UI)
WdgMtb: ACCESS InternalCL@REVOLUTION is invisible (UI)
WdgMtb: ACCESS cap_ends_popup@extrev_feature_popup@REVOLUTION is invisible (UI)
WdgMtb: ACCESS solid_surf_rg@REVOLUTION is invisible (UI)
WdgMtb: ACCESS remove_material_popup@extrev_feature_popup@REVOLUTION is invisible (UI)
WdgMtb: ACCESS thick_sketch_popup@extrev_feature_popup@REVOLUTION is invisible (UI)
WdgMtb: ACCESS DefineRmbBtn@extrev_feature_popup@REVOLUTION is invisible (UI)
WdgMtb: ACCESS SketchRmbBtn@extrev_feature_popup@REVOLUTION is invisible (UI)
WdgMtb: ACCESS InternalCL@REVOLUTION is invisible (UI)
WdgMtb: ACCESS cap_ends_popup@extrev_feature_popup@REVOLUTION is invisible (UI)
WdgMtb: ACCESS solid_surf_rg@REVOLUTION is invisible (UI)
WdgMtb: ACCESS remove_material_popup@extrev_feature_popup@REVOLUTION is invisible (UI)
WdgMtb: ACCESS thick_sketch_popup@extrev_feature_popup@REVOLUTION is invisible (UI)
WdgMtb: ACCESS DefineRmbBtn@extrev_feature_popup@REVOLUTION is invisible (UI)
WdgMtb: ACCESS SketchRmbBtn@extrev_feature_popup@REVOLUTION is invisible (UI)
WdgMtb: ACCESS InternalCL@REVOLUTION is invisible (UI)
WdgMtb: ACCESS cap_ends_popup@extrev_feature_popup@REVOLUTION is invisible (UI)
WdgMtb: ACCESS solid_surf_rg@REVOLUTION is invisible (UI)
WdgMtb: ACCESS remove_material_popup@extrev_feature_popup@REVOLUTION is invisible (UI)
WdgMtb: ACCESS thick_sketch_popup@extrev_feature_popup@REVOLUTION is invisible (UI)
WdgMtb: ACCESS DefineRmbBtn@extrev_feature_popup@REVOLUTION is invisible (UI)
WdgMtb: ACCESS SketchRmbBtn@extrev_feature_popup@REVOLUTION is invisible (UI)
WdgMtb: ACCESS InternalCL@REVOLUTION is invisible (UI)
WdgMtb: ACCESS cap_ends_popup@extrev_feature_popup@REVOLUTION is invisible (UI)
WdgMtb: ACCESS solid_surf_rg@REVOLUTION is invisible (UI)
WdgMtb: ACCESS remove_material_popup@extrev_feature_popup@REVOLUTION is invisible (UI)
WdgMtb: ACCESS thick_sketch_popup@extrev_feature_popup@REVOLUTION is invisible (UI)
WdgMtb: ACCESS DefineRmbBtn@extrev_feature_popup@REVOLUTION is invisible (UI)
WdgMtb: ACCESS SketchRmbBtn@extrev_feature_popup@REVOLUTION is invisible (UI)
WdgMtb: ACCESS InternalCL@REVOLUTION is invisible (UI)
WdgMtb: ACCESS cap_ends_popup@extrev_feature_popup@REVOLUTION is invisible (UI)
WdgMtb: ACCESS solid_surf_rg@REVOLUTION is invisible (UI)
WdgMtb: ACCESS remove_material_popup@extrev_feature_popup@REVOLUTION is invisible (UI)
WdgMtb: ACCESS thick_sketch_popup@extrev_feature_popup@REVOLUTION is invisible (UI)
WdgMtb: ACCESS DefineRmbBtn@extrev_feature_popup@REVOLUTION is invisible (UI)
WdgMtb: ACCESS SketchRmbBtn@extrev_feature_popup@REVOLUTION is invisible (UI)
WdgMtb: ACCESS InternalCL@REVOLUTION is invisible (UI)
WdgMtb: ACCESS cap_ends_popup@extrev_feature_popup@REVOLUTION is invisible (UI)
WdgMtb: ACCESS solid_surf_rg@REVOLUTION is invisible (UI)
WdgMtb: ACCESS remove_material_popup@extrev_feature_popup@REVOLUTION is invisible (UI)
WdgMtb: ACCESS thick_sketch_popup@extrev_feature_popup@REVOLUTION is invisible (UI)
WdgMtb: ACCESS DefineRmbBtn@extrev_feature_popup@REVOLUTION is invisible (UI)
WdgMtb: ACCESS SketchRmbBtn@extrev_feature_popup@REVOLUTION is invisible (UI)
WdgMtb: ACCESS InternalCL@REVOLUTION is invisible (UI)
WdgMtb: ACCESS cap_ends_popup@extrev_feature_popup@REVOLUTION is invisible (UI)
WdgMtb: ACCESS solid_surf_rg@REVOLUTION is invisible (UI)
WdgMtb: ACCESS remove_material_popup@extrev_feature_popup@REVOLUTION is invisible (UI)
WdgMtb: ACCESS thick_sketch_popup@extrev_feature_popup@REVOLUTION is invisible (UI)
WdgMtb: ACCESS DefineRmbBtn@extrev_feature_popup@REVOLUTION is invisible (UI)
WdgMtb: ACCESS SketchRmbBtn@extrev_feature_popup@REVOLUTION is invisible (UI)
WdgMtb: ACCESS InternalCL@REVOLUTION is invisible (UI)
WdgMtb: ACCESS cap_ends_popup@extrev_feature_popup@REVOLUTION is invisible (UI)
WdgMtb: ACCESS solid_surf_rg@REVOLUTION is invisible (UI)
WdgMtb: ACCESS remove_material_popup@extrev_feature_popup@REVOLUTION is invisible (UI)
WdgMtb: ACCESS thick_sketch_popup@extrev_feature_popup@REVOLUTION is invisible (UI)
WdgMtb: ACCESS DefineRmbBtn@extrev_feature_popup@REVOLUTION is invisible (UI)
WdgMtb: ACCESS SketchRmbBtn@extrev_feature_popup@REVOLUTION is invisible (UI)
WdgMtb: ACCESS InternalCL@REVOLUTION is invisible (UI)
WdgMtb: ACCESS cap_ends_popup@extrev_feature_popup@REVOLUTION is invisible (UI)
WdgMtb: ACCESS solid_surf_rg@REVOLUTION is invisible (UI)
WdgMtb: ACCESS remove_material_popup@extrev_feature_popup@REVOLUTION is invisible (UI)
WdgMtb: ACCESS thick_sketch_popup@extrev_feature_popup@REVOLUTION is invisible (UI)
WdgMtb: ACCESS DefineRmbBtn@extrev_feature_popup@REVOLUTION is invisible (UI)
WdgMtb: ACCESS SketchRmbBtn@extrev_feature_popup@REVOLUTION is invisible (UI)
WdgMtb: ACCESS InternalCL@REVOLUTION is invisible (UI)
WdgMtb: ACCESS cap_ends_popup@extrev_feature_popup@REVOLUTION is invisible (UI)
WdgMtb: ACCESS solid_surf_rg@REVOLUTION is AVAILABLE (CB)
WdgMtb: ACCESS remove_material_popup@extrev_feature_popup@REVOLUTION is invisible (UI)
WdgMtb: ACCESS thick_sketch_popup@extrev_feature_popup@REVOLUTION is AVAILABLE (CB)
WdgMtb: ACCESS DefineRmbBtn@extrev_feature_popup@REVOLUTION is invisible (UI)
WdgMtb: ACCESS SketchRmbBtn@extrev_feature_popup@REVOLUTION is AVAILABLE (CB)
WdgMtb: ACCESS InternalCL@REVOLUTION is AVAILABLE (CB)
WdgMtb: ACCESS cap_ends_popup@extrev_feature_popup@REVOLUTION is invisible (UI)
WdgMtb: ACCESS solid_surf_rg@REVOLUTION is AVAILABLE (CB)
WdgMtb: ACCESS remove_material_popup@extrev_feature_popup@REVOLUTION is invisible (UI)
WdgMtb: ACCESS thick_sketch_popup@extrev_feature_popup@REVOLUTION is AVAILABLE (CB)
WdgMtb: ACCESS DefineRmbBtn@extrev_feature_popup@REVOLUTION is invisible (UI)
WdgMtb: ACCESS SketchRmbBtn@extrev_feature_popup@REVOLUTION is AVAILABLE (CB)
WdgMtb: ACCESS InternalCL@REVOLUTION is AVAILABLE (CB)
WdgMtb: ACCESS cap_ends_popup@extrev_feature_popup@REVOLUTION is invisible (UI)
WdgMtb: ACCESS solid_surf_rg@REVOLUTION is AVAILABLE (CB)
WdgMtb: ACCESS remove_material_popup@extrev_feature_popup@REVOLUTION is invisible (UI)
WdgMtb: ACCESS thick_sketch_popup@extrev_feature_popup@REVOLUTION is AVAILABLE (CB)
WdgMtb: ACCESS DefineRmbBtn@extrev_feature_popup@REVOLUTION is invisible (UI)
WdgMtb: ACCESS SketchRmbBtn@extrev_feature_popup@REVOLUTION is AVAILABLE (CB)
WdgMtb: ACCESS InternalCL@REVOLUTION is AVAILABLE (CB)
WdgMtb: ACCESS cap_ends_popup@extrev_feature_popup@REVOLUTION is invisible (UI)
WdgMtb: ACCESS shp_str_hole_to_dep_typ_omnu@HOLE is AVAILABLE (CB)
WdgMtb: ACCESS shp_str_hole_to_dep_typ_omnu@HOLE is AVAILABLE (CB)
WdgMtb: ACCESS shp_str_hole_to_dep_typ_omnu@HOLE is AVAILABLE (CB)
WdgMtb: ACCESS shp_str_hole_to_dep_typ_omnu@HOLE is AVAILABLE (CB)
WdgMtb: ACCESS shp_str_hole_to_dep_typ_omnu@HOLE is AVAILABLE (CB)
WdgMtb: ACCESS shp_str_hole_to_dep_typ_omnu@HOLE is AVAILABLE (CB)
WdgMtb: ACCESS shp_str_hole_to_dep_typ_omnu@HOLE is AVAILABLE (CB)
WdgMtb: ACCESS shp_str_hole_to_dep_typ_omnu@HOLE is AVAILABLE (CB)
WdgMtb: ACCESS shp_str_hole_to_dep_typ_omnu@HOLE is AVAILABLE (CB)
WdgMtb: ACCESS shp_str_hole_to_dep_typ_omnu@HOLE is AVAILABLE (CB)
WdgMtb: ACCESS shp_str_hole_to_dep_typ_omnu@HOLE is AVAILABLE (CB)
WdgMtb: ACCESS shp_str_hole_to_dep_typ_omnu@HOLE is AVAILABLE (CB)
WdgMtb: ACCESS shp_str_hole_to_dep_typ_omnu@HOLE is AVAILABLE (CB)
WdgMtb: ACCESS shp_str_hole_to_dep_typ_omnu@HOLE is AVAILABLE (CB)
WdgMtb: ACCESS shp_str_hole_to_dep_typ_omnu@HOLE is AVAILABLE (CB)
WdgMtb: ACCESS shp_str_hole_to_dep_typ_omnu@HOLE is AVAILABLE (CB)
WdgMtb: ACCESS shp_str_hole_to_dep_typ_omnu@HOLE is AVAILABLE (CB)
WdgMtb: ACCESS shp_str_hole_to_dep_typ_omnu@HOLE is AVAILABLE (CB)
WdgMtb: ACCESS shp_str_hole_to_dep_typ_omnu@HOLE is AVAILABLE (CB)
WdgMtb: ACCESS shp_str_hole_to_dep_typ_omnu@HOLE is AVAILABLE (CB)
WdgMtb: ACCESS shp_str_hole_to_dep_typ_omnu@HOLE is AVAILABLE (CB)
gdi32_comm_shutdown wait for polling thread timed out.
