-------------------------------------------------
The trace creation timestamp is: Mi Jan 11 10:28:43 23
The executable build timestamp is: Mo Jul 12 14:40:05 21
The datecode is: 2021164
The pro machine type is: x86e_win64
The process ID is: 15424
The traceback type is : CRASH
The logger exit status is: 00103
-------------------------------------------------
Exception EXCEPTION_ACCESS_VIOLATION has occurred in the thread 8720.

Thread 8720
=====================
0x00007FF9A389E2F8	NULL (NULL:0) (baselibmt:0x00007FF9A3820000) ( 0x1, 0x18afc8a8, 0x0, 0x22d90048 ) 
0x00007FF9A38922BC	NULL (NULL:0) (baselibmt:0x00007FF9A3820000) ( 0x1, 0x432d0270, 0x168b5118, 0xffffffff ) 
0x00007FF7804CAE45	NULL (NULL:0) (xtop:0x00007FF7791E0000) ( 0x1, 0x432d0270, 0xffffffff, 0x0 ) 
0x00007FF7804CBB24	NULL (NULL:0) (xtop:0x00007FF7791E0000) ( 0x432d4130, 0x432d4130, 0x18afc8a8, 0x6c876e1 ) 
0x00007FF9A3BA4FDA	NULL (NULL:0) (asyncoremt:0x00007FF9A3BA0000) ( 0x432d40f0, 0x432d0270, 0x0, 0x9ab2dc0d ) 
0x00007FF9A3BAB42A	NULL (NULL:0) (asyncoremt:0x00007FF9A3BA0000) ( 0x1, 0x432d72a0, 0xffffffff, 0xffffffff ) 
0x00007FF9A3BB251B	NULL (NULL:0) (asyncoremt:0x00007FF9A3BA0000) ( 0x432d0270, 0x16a1eac0, 0x0, 0x7421f8d0 ) 
0x00007FF9A3BACEDA	NULL (NULL:0) (asyncoremt:0x00007FF9A3BA0000) ( 0x432d0270, 0x16a1eac0, 0x1, 0x16a1eac0 ) 
0x00007FF9A3BA926D	NULL (NULL:0) (asyncoremt:0x00007FF9A3BA0000) ( 0x1, 0x16a1ea70, 0x2, 0x0 ) 
0x00007FF9A3BD955E	NULL (NULL:0) (asyncoremt:0x00007FF9A3BA0000) ( 0x18cb2e58, 0x9ab20f12, 0x18f675a0, 0x18f675a0 ) 
0x00007FF9A3BD3676	NULL (NULL:0) (asyncoremt:0x00007FF9A3BA0000) ( 0x16a1ea70, 0x18af4c20, 0x18cb2e58, 0x9ab1fe13 ) 
0x00007FF9A3BD33DA	NULL (NULL:0) (asyncoremt:0x00007FF9A3BA0000) ( 0x18af4c20, 0x169f08f0, 0x0, 0x18af4c20 ) 
0x00007FF9A3BD37AF	NULL (NULL:0) (asyncoremt:0x00007FF9A3BA0000) ( 0x16c39500, 0x0, 0x0, 0x0 ) 
0x00007FFA04476C0C	NULL (NULL:0) (ucrtbase:0x00007FFA04450000) ( 0x0, 0x0, 0x0, 0x0 ) 
0x00007FFA04AF55A0	NULL (NULL:0) (KERNEL32:0x00007FFA04AE0000) ( 0x0, 0x0, 0x0, 0x0 ) 

Main Thread 2092
=====================
0x00007FFA06D046D4	NULL (NULL:0) (ntdll:0x00007FFA06C60000) ( 0x2, 0x1, 0x18b29868, 0x6c883ba ) 
0x00007FFA047AF310	NULL (NULL:0) (KERNELBASE:0x00007FFA04760000) ( 0x0, 0x47a39ed, 0x18d24a78, 0x4 ) 
0x00007FFA047AF20E	NULL (NULL:0) (KERNELBASE:0x00007FFA04760000) ( 0x16a1ecb0, 0xa38584dd, 0x0, 0x508 ) 
0x00007FF9A3BD4F72	NULL (NULL:0) (asyncoremt:0x00007FF9A3BA0000) ( 0x18cc90c8, 0x53d89c0, 0x0, 0x0 ) 
0x00007FF9A3BD4FA7	NULL (NULL:0) (asyncoremt:0x00007FF9A3BA0000) ( 0x18d24a78, 0x18d24a78, 0xb0e6b030, 0x4 ) 
0x00007FF9A3BD9ADE	NULL (NULL:0) (asyncoremt:0x00007FF9A3BA0000) ( 0xe2e662c0, 0xb0e6b030, 0x4, 0x0 ) 
0x00007FF9A3BB3E6C	NULL (NULL:0) (asyncoremt:0x00007FF9A3BA0000) ( 0x18cd0000, 0xa385fc99, 0x169fa760, 0x168b0000 ) 
0x00007FF9A3BB412A	NULL (NULL:0) (asyncoremt:0x00007FF9A3BA0000) ( 0x4, 0x0, 0xb0e6b030, 0x1 ) 
0x00007FF9E325482A	NULL (NULL:0) (licommonmt:0x00007FF9E3250000) ( 0x1, 0x0, 0x0, 0x1 ) 
0x00007FF9E325478B	NULL (NULL:0) (licommonmt:0x00007FF9E3250000) ( 0x1, 0xb0e6b030, 0x37, 0x0 ) 
0x00007FF9E2E61EA9	NULL (NULL:0) (liappcoremt:0x00007FF9E2E60000) ( 0x36, 0x37, 0x0, 0x1 ) 
0x00007FF9B23E8C60	NULL (NULL:0) (coretools_sh:0x00007FF9B23B0000) ( 0x0, 0x4, 0x4, 0x85e4beb0 ) 
0x00007FF779FA2D2E	NULL (NULL:0) (xtop:0x00007FF7791E0000) ( 0x18d25108, 0x0, 0xb0e6b030, 0x4 ) 
0x00007FF781E0B63F	NULL (NULL:0) (xtop:0x00007FF7791E0000) ( 0x1, 0x71bafa60, 0x18d25108, 0x0 ) 
0x00007FF781E0B6EA	NULL (NULL:0) (xtop:0x00007FF7791E0000) ( 0x18d25108, 0x81e0b660, 0x16790a18, 0x71bafda0 ) 
0x00007FF9B0D258AC	NULL (NULL:0) (libui_sh:0x00007FF9B0AF0000) ( 0x18d25108, 0x81e0b660, 0x71bafda0, 0x0 ) 
0x00007FF9B0D2745F	NULL (NULL:0) (libui_sh:0x00007FF9B0AF0000) ( 0x81e0b660, 0x0, 0x0, 0x8542e538 ) 
0x00007FF9B0B0F81D	NULL (NULL:0) (libui_sh:0x00007FF9B0AF0000) ( 0xa, 0x4, 0x18d25108, 0x0 ) 
0x00007FF781E08C42	NULL (NULL:0) (xtop:0x00007FF7791E0000) ( 0x0, 0x0, 0x0, 0x0 ) 
0x00007FFA04AF55A0	NULL (NULL:0) (KERNEL32:0x00007FFA04AE0000) ( 0x0, 0x0, 0x0, 0x0 ) 

Thread 6048
=====================
0x00007FFA06D07734	NULL (NULL:0) (ntdll:0x00007FFA06C60000) ( 0x0, 0x0, 0x166dc410, 0x166e0aa0 ) 
0x00007FFA06C76CDF	NULL (NULL:0) (ntdll:0x00007FFA06C60000) ( 0x0, 0x0, 0x0, 0x0 ) 
0x00007FFA04AF55A0	NULL (NULL:0) (KERNEL32:0x00007FFA04AE0000) ( 0x0, 0x0, 0x0, 0x0 ) 

Thread 6360
=====================
0x00007FFA06D07734	NULL (NULL:0) (ntdll:0x00007FFA06C60000) ( 0x10007, 0x1, 0x1, 0x166e55d0 ) 
0x00007FFA06C76CDF	NULL (NULL:0) (ntdll:0x00007FFA06C60000) ( 0x0, 0x0, 0x0, 0x0 ) 
0x00007FFA04AF55A0	NULL (NULL:0) (KERNEL32:0x00007FFA04AE0000) ( 0x0, 0x0, 0x0, 0x0 ) 

Thread 5296
=====================
0x00007FFA06D07734	NULL (NULL:0) (ntdll:0x00007FFA06C60000) ( 0x0, 0x0, 0x166dc410, 0x166e7ff0 ) 
0x00007FFA06C76CDF	NULL (NULL:0) (ntdll:0x00007FFA06C60000) ( 0x0, 0x0, 0x0, 0x0 ) 
0x00007FFA04AF55A0	NULL (NULL:0) (KERNEL32:0x00007FFA04AE0000) ( 0x0, 0x0, 0x0, 0x0 ) 

Thread 5876
=====================
0x00007FFA06D03C04	NULL (NULL:0) (ntdll:0x00007FFA06C60000) ( 0x18af52f0, 0x6c876e1, 0x18af52e0, 0x169f0000 ) 
0x00007FFA047A26DE	NULL (NULL:0) (KERNELBASE:0x00007FFA04760000) ( 0x18cb2e58, 0x16a1ea50, 0x0, 0x4e8 ) 
0x00007FF9A3858617	NULL (NULL:0) (baselibmt:0x00007FF9A3820000) ( 0x18cb2e58, 0x18af5001, 0x8, 0x40 ) 
0x00007FF9A3BD34D5	NULL (NULL:0) (asyncoremt:0x00007FF9A3BA0000) ( 0x18af50e0, 0x169f08f0, 0x0, 0x18af50e0 ) 
0x00007FF9A3BD37AF	NULL (NULL:0) (asyncoremt:0x00007FF9A3BA0000) ( 0x16c39c20, 0x0, 0x0, 0x0 ) 
0x00007FFA04476C0C	NULL (NULL:0) (ucrtbase:0x00007FFA04450000) ( 0x0, 0x0, 0x0, 0x0 ) 
0x00007FFA04AF55A0	NULL (NULL:0) (KERNEL32:0x00007FFA04AE0000) ( 0x0, 0x0, 0x0, 0x0 ) 

Thread 680
=====================
0x00007FFA06D03C04	NULL (NULL:0) (ntdll:0x00007FFA06C60000) ( 0x18af57b0, 0x6c876e1, 0x18af57a0, 0x169f0000 ) 
0x00007FFA047A26DE	NULL (NULL:0) (KERNELBASE:0x00007FFA04760000) ( 0x18cb2e58, 0x16a1ef50, 0x0, 0x57c ) 
0x00007FF9A3858617	NULL (NULL:0) (baselibmt:0x00007FF9A3820000) ( 0x18cb2e58, 0x18af5501, 0x8, 0x40 ) 
0x00007FF9A3BD34D5	NULL (NULL:0) (asyncoremt:0x00007FF9A3BA0000) ( 0x18af55a0, 0x169f08f0, 0x0, 0x18af55a0 ) 
0x00007FF9A3BD37AF	NULL (NULL:0) (asyncoremt:0x00007FF9A3BA0000) ( 0x167270c0, 0x0, 0x0, 0x0 ) 
0x00007FFA04476C0C	NULL (NULL:0) (ucrtbase:0x00007FFA04450000) ( 0x0, 0x0, 0x0, 0x0 ) 
0x00007FFA04AF55A0	NULL (NULL:0) (KERNEL32:0x00007FFA04AE0000) ( 0x0, 0x0, 0x0, 0x0 ) 

Thread 6996
=====================
0x00007FFA06D03C04	NULL (NULL:0) (ntdll:0x00007FFA06C60000) ( 0x10, 0x9ab22ebc, 0x10, 0x168b0870 ) 
0x00007FFA047A26DE	NULL (NULL:0) (KERNELBASE:0x00007FFA04760000) ( 0x16c88aa8, 0x0, 0x0, 0x668 ) 
0x00007FF9A38585EB	NULL (NULL:0) (baselibmt:0x00007FF9A3820000) ( 0x2f284788, 0x1, 0x8, 0x40 ) 
0x00007FF9A3903DD5	NULL (NULL:0) (baselibmt:0x00007FF9A3820000) ( 0x1671a800, 0x0, 0x16c88a90, 0x7fffffff ) 
0x00007FFA04476C0C	NULL (NULL:0) (ucrtbase:0x00007FFA04450000) ( 0x0, 0x0, 0x0, 0x0 ) 
0x00007FFA04AF55A0	NULL (NULL:0) (KERNEL32:0x00007FFA04AE0000) ( 0x0, 0x0, 0x0, 0x0 ) 

Thread 4584
=====================
0x00007FFA06D07734	NULL (NULL:0) (ntdll:0x00007FFA06C60000) ( 0x0, 0x0, 0x166f9440, 0x0 ) 
0x00007FFA06C76CDF	NULL (NULL:0) (ntdll:0x00007FFA06C60000) ( 0x0, 0x0, 0x0, 0x0 ) 
0x00007FFA04AF55A0	NULL (NULL:0) (KERNEL32:0x00007FFA04AE0000) ( 0x0, 0x0, 0x0, 0x0 ) 

Thread 2508
=====================
0x00007FFA06D046D4	NULL (NULL:0) (ntdll:0x00007FFA06C60000) ( 0x0, 0x0, 0x0, 0x0 ) 
0x00007FFA047AF310	NULL (NULL:0) (KERNELBASE:0x00007FFA04760000) ( 0x166f3350, 0x0, 0x166f3350, 0x0 ) 
0x00007FFA045865D7	NULL (NULL:0) (CRYPT32:0x00007FFA04570000) ( 0x0, 0x0, 0x0, 0x0 ) 
0x00007FFA04AF55A0	NULL (NULL:0) (KERNEL32:0x00007FFA04AE0000) ( 0x0, 0x0, 0x0, 0x0 ) 

Thread 9264
=====================
0x00007FFA06D046D4	NULL (NULL:0) (ntdll:0x00007FFA06C60000) ( 0x0, 0x0, 0x0, 0x0 ) 
0x00007FFA047AF310	NULL (NULL:0) (KERNELBASE:0x00007FFA04760000) ( 0x0, 0x250, 0x0, 0x0 ) 
0x00007FFA05EF6AC8	NULL (NULL:0) (combase:0x00007FFA05E60000) ( 0x0, 0x0, 0x0, 0x194411d0 ) 
0x00007FFA05EF693A	NULL (NULL:0) (combase:0x00007FFA05E60000) ( 0xffffffff, 0x193a1590, 0x0, 0x193a1590 ) 
0x00007FFA05EF673C	NULL (NULL:0) (combase:0x00007FFA05E60000) ( 0x0, 0x0, 0x0, 0x0 ) 
0x00007FFA05EF66B9	NULL (NULL:0) (combase:0x00007FFA05E60000) ( 0x0, 0x0, 0x0, 0x0 ) 
0x00007FFA04AF55A0	NULL (NULL:0) (KERNEL32:0x00007FFA04AE0000) ( 0x0, 0x0, 0x0, 0x0 ) 

Thread 14976
=====================
0x00007FFA06D07734	NULL (NULL:0) (ntdll:0x00007FFA06C60000) ( 0x16c6a5a8, 0x16c6a5a8, 0x16c6a490, 0x0 ) 
0x00007FFA06C76CDF	NULL (NULL:0) (ntdll:0x00007FFA06C60000) ( 0x0, 0x0, 0x0, 0x0 ) 
0x00007FFA04AF55A0	NULL (NULL:0) (KERNEL32:0x00007FFA04AE0000) ( 0x0, 0x0, 0x0, 0x0 ) 

Thread 2644
=====================
0x00007FFA06D07734	NULL (NULL:0) (ntdll:0x00007FFA06C60000) ( 0x40a34e40, 0x40a34e40, 0x16c6a490, 0x0 ) 
0x00007FFA06C76CDF	NULL (NULL:0) (ntdll:0x00007FFA06C60000) ( 0x0, 0x0, 0x0, 0x0 ) 
0x00007FFA04AF55A0	NULL (NULL:0) (KERNEL32:0x00007FFA04AE0000) ( 0x0, 0x0, 0x0, 0x0 ) 

Thread 11072
=====================
0x00007FFA06D07734	NULL (NULL:0) (ntdll:0x00007FFA06C60000) ( 0x10007, 0x1940b101, 0x1, 0x1941d8b0 ) 
0x00007FFA06C76CDF	NULL (NULL:0) (ntdll:0x00007FFA06C60000) ( 0x0, 0x0, 0x0, 0x0 ) 
0x00007FFA04AF55A0	NULL (NULL:0) (KERNEL32:0x00007FFA04AE0000) ( 0x0, 0x0, 0x0, 0x0 ) 

Thread 3216
=====================
0x00007FFA06D04204	NULL (NULL:0) (ntdll:0x00007FFA06C60000) ( 0x0, 0x0, 0x0, 0x0 ) 
0x00007FFA06CBB873	NULL (NULL:0) (ntdll:0x00007FFA06C60000) ( 0x0, 0x0, 0xa10, 0x6cd044d ) 
0x00007FFA047AB031	NULL (NULL:0) (KERNELBASE:0x00007FFA04760000) ( 0x78eff758, 0x0, 0xee1e5d00, 0x193d9660 ) 
0x00007FF9FE7A1622	NULL (NULL:0) (WINHTTP:0x00007FF9FE770000) ( 0x0, 0x0, 0x0, 0x1 ) 
0x00007FF9FE7A28F4	NULL (NULL:0) (WINHTTP:0x00007FF9FE770000) ( 0x1940ae40, 0x78eff758, 0x0, 0x6c7fe0e ) 
0x00007FFA06C7FF02	NULL (NULL:0) (ntdll:0x00007FFA06C60000) ( 0x1940afc8, 0x194741d0, 0x0, 0x19420b00 ) 
0x00007FFA06C76E48	NULL (NULL:0) (ntdll:0x00007FFA06C60000) ( 0x0, 0x0, 0x0, 0x0 ) 
0x00007FFA04AF55A0	NULL (NULL:0) (KERNEL32:0x00007FFA04AE0000) ( 0x0, 0x0, 0x0, 0x0 ) 

Thread 8252
=====================
0x00007FFA06D07734	NULL (NULL:0) (ntdll:0x00007FFA06C60000) ( 0x166d0d68, 0x166d0d68, 0x166d0c50, 0x0 ) 
0x00007FFA06C76CDF	NULL (NULL:0) (ntdll:0x00007FFA06C60000) ( 0x0, 0x0, 0x0, 0x0 ) 
0x00007FFA04AF55A0	NULL (NULL:0) (KERNEL32:0x00007FFA04AE0000) ( 0x0, 0x0, 0x0, 0x0 ) 

Thread 13284
=====================
0x00007FFA06D03C04	NULL (NULL:0) (ntdll:0x00007FFA06C60000) ( 0x18adf9f0, 0x18af71e0, 0x1, 0x0 ) 
0x00007FFA047A26DE	NULL (NULL:0) (KERNELBASE:0x00007FFA04760000) ( 0x18cb2e58, 0x18afa190, 0x0, 0xa84 ) 
0x00007FF9A3858617	NULL (NULL:0) (baselibmt:0x00007FF9A3820000) ( 0x18cb2e58, 0x18af8101, 0x8, 0x40 ) 
0x00007FF9A3BD34D5	NULL (NULL:0) (asyncoremt:0x00007FF9A3BA0000) ( 0x18afa1b0, 0x169f08f0, 0x0, 0x18afa1b0 ) 
0x00007FF9A3BD37AF	NULL (NULL:0) (asyncoremt:0x00007FF9A3BA0000) ( 0x19416d70, 0x0, 0x0, 0x0 ) 
0x00007FFA04476C0C	NULL (NULL:0) (ucrtbase:0x00007FFA04450000) ( 0x0, 0x0, 0x0, 0x0 ) 
0x00007FFA04AF55A0	NULL (NULL:0) (KERNEL32:0x00007FFA04AE0000) ( 0x0, 0x0, 0x0, 0x0 ) 

Thread 12152
=====================
0x00007FFA06D03C04	NULL (NULL:0) (ntdll:0x00007FFA06C60000) ( 0x0, 0x6d07ad4, 0x0, 0x0 ) 
0x00007FFA047A26DE	NULL (NULL:0) (KERNELBASE:0x00007FFA04760000) ( 0x0, 0x0, 0x0, 0xa00 ) 
0x00007FF78033CDA6	NULL (NULL:0) (xtop:0x00007FF7791E0000) ( 0x0, 0x0, 0x0, 0x0 ) 
0x00007FFA04AF55A0	NULL (NULL:0) (KERNEL32:0x00007FFA04AE0000) ( 0x0, 0x0, 0x0, 0x0 ) 

Thread 8800
=====================
0x00007FFA06D03C04	NULL (NULL:0) (ntdll:0x00007FFA06C60000) ( 0x0, 0x19540cb0, 0x1, 0x0 ) 
0x00007FFA047A26DE	NULL (NULL:0) (KERNELBASE:0x00007FFA04760000) ( 0x1a177080, 0x1a177080, 0x0, 0xb90 ) 
0x00007FF98D39BC9A	NULL (NULL:0) (nvoglv64:0x00007FF98C720000) ( 0x103, 0x1a6d5e08, 0x1a6d5e08, 0x1a177080 ) 
0x00007FF98D11CC3D	NULL (NULL:0) (nvoglv64:0x00007FF98C720000) ( 0x1a6d62c0, 0x1a6d62c0, 0x0, 0x1a177080 ) 
0x00007FF98D11C60E	NULL (NULL:0) (nvoglv64:0x00007FF98C720000) ( 0x1a6d62c0, 0x0, 0x0, 0x0 ) 
0x00007FF98D39CDE8	NULL (NULL:0) (nvoglv64:0x00007FF98C720000) ( 0x0, 0x0, 0x0, 0x0 ) 
0x00007FFA04AF55A0	NULL (NULL:0) (KERNEL32:0x00007FFA04AE0000) ( 0x0, 0x0, 0x0, 0x0 ) 

Thread 15688
=====================
0x00007FFA06D046D4	NULL (NULL:0) (ntdll:0x00007FFA06C60000) ( 0x16719250, 0x7adbf8f0, 0x200, 0x0 ) 
0x00007FFA047AF310	NULL (NULL:0) (KERNELBASE:0x00007FFA04760000) ( 0x0, 0x12, 0x1947dfa0, 0x0 ) 
0x00007FFA047AF20E	NULL (NULL:0) (KERNELBASE:0x00007FFA04760000) ( 0x7adbfb90, 0x0, 0x0, 0x0 ) 
0x00007FF98D3D51A7	NULL (NULL:0) (nvoglv64:0x00007FF98C720000) ( 0x194dfd30, 0x194945f0, 0x0, 0x0 ) 
0x00007FF98D3D46D9	NULL (NULL:0) (nvoglv64:0x00007FF98C720000) ( 0x0, 0x0, 0x0, 0x0 ) 
0x00007FF98D8A3D28	NULL (NULL:0) (nvoglv64:0x00007FF98C720000) ( 0x0, 0x0, 0x0, 0x0 ) 
0x00007FFA04AF55A0	NULL (NULL:0) (KERNEL32:0x00007FFA04AE0000) ( 0x0, 0x0, 0x0, 0x0 ) 

Thread 10840
=====================
0x00007FFA06D05F54	NULL (NULL:0) (ntdll:0x00007FFA06C60000) ( 0x0, 0x0, 0x0, 0x0 ) 
0x00007FFA047BA0D0	NULL (NULL:0) (KERNELBASE:0x00007FFA04760000) ( 0x0, 0x0, 0x0, 0x0 ) 
0x00007FF9B0CD1D3C	NULL (NULL:0) (libui_sh:0x00007FF9B0AF0000) ( 0x4, 0x0, 0x4, 0x197dcde0 ) 
0x00007FFA04AF55A0	NULL (NULL:0) (KERNEL32:0x00007FFA04AE0000) ( 0x0, 0x0, 0x0, 0x0 ) 

Thread 16004
=====================
0x00007FFA06D03C04	NULL (NULL:0) (ntdll:0x00007FFA06C60000) ( 0x18b3b3b0, 0x6c876e1, 0x18b3b3a0, 0x169f0000 ) 
0x00007FFA047A26DE	NULL (NULL:0) (KERNELBASE:0x00007FFA04760000) ( 0x18cb2e58, 0x18afb480, 0x0, 0xc38 ) 
0x00007FF9A3858617	NULL (NULL:0) (baselibmt:0x00007FF9A3820000) ( 0x18cb2e58, 0x432d6501, 0x8, 0x40 ) 
0x00007FF9A3BD34D5	NULL (NULL:0) (asyncoremt:0x00007FF9A3BA0000) ( 0x18afd010, 0x169f08f0, 0x0, 0x18afd010 ) 
0x00007FF9A3BD37AF	NULL (NULL:0) (asyncoremt:0x00007FF9A3BA0000) ( 0x19416da0, 0x0, 0x0, 0x0 ) 
0x00007FFA04476C0C	NULL (NULL:0) (ucrtbase:0x00007FFA04450000) ( 0x0, 0x0, 0x0, 0x0 ) 
0x00007FFA04AF55A0	NULL (NULL:0) (KERNEL32:0x00007FFA04AE0000) ( 0x0, 0x0, 0x0, 0x0 ) 

Thread 11440
=====================
0x00007FFA06D03CA4	NULL (NULL:0) (ntdll:0x00007FFA06C60000) ( 0x0, 0x0, 0x1, 0x3600000 ) 
0x00007FFA036010AB	NULL (NULL:0) (mswsock:0x00007FFA03600000) ( 0x3601140, 0x194805e0, 0x0, 0x0 ) 
0x00007FFA04AF55A0	NULL (NULL:0) (KERNEL32:0x00007FFA04AE0000) ( 0x0, 0x0, 0x0, 0x0 ) 

Thread 13328
=====================
0x00007FFA06D046D4	NULL (NULL:0) (ntdll:0x00007FFA06C60000) ( 0x2, 0x0, 0x1, 0x1 ) 
0x00007FFA047AF310	NULL (NULL:0) (KERNELBASE:0x00007FFA04760000) ( 0xffffffff, 0x22de1478, 0x2f860480, 0x7d42fad0 ) 
0x00007FF9A3BA1946	NULL (NULL:0) (asyncoremt:0x00007FF9A3BA0000) ( 0x125a4cf1, 0x125a4cf1, 0x0, 0x22de1478 ) 
0x00007FF9A3BA9204	NULL (NULL:0) (asyncoremt:0x00007FF9A3BA0000) ( 0x1, 0x1, 0x432d2478, 0x0 ) 
0x00007FF9A3BB0099	NULL (NULL:0) (asyncoremt:0x00007FF9A3BA0000) ( 0x0, 0x0, 0x18b5ddf8, 0x0 ) 
0x00007FF9A3BD3676	NULL (NULL:0) (asyncoremt:0x00007FF9A3BA0000) ( 0x18b5ddf8, 0x18b020b0, 0x18cb2e58, 0x40 ) 
0x00007FF9A3BD33DA	NULL (NULL:0) (asyncoremt:0x00007FF9A3BA0000) ( 0x18b020b0, 0x169f08f0, 0x0, 0x18b020b0 ) 
0x00007FF9A3BD37AF	NULL (NULL:0) (asyncoremt:0x00007FF9A3BA0000) ( 0x19416dd0, 0x0, 0x0, 0x0 ) 
0x00007FFA04476C0C	NULL (NULL:0) (ucrtbase:0x00007FFA04450000) ( 0x0, 0x0, 0x0, 0x0 ) 
0x00007FFA04AF55A0	NULL (NULL:0) (KERNEL32:0x00007FFA04AE0000) ( 0x0, 0x0, 0x0, 0x0 ) 

Thread 9768
=====================
0x00007FFA06D046D4	NULL (NULL:0) (ntdll:0x00007FFA06C60000) ( 0x1, 0x0, 0x22d00168, 0x4a120048 ) 
0x00007FFA047AF310	NULL (NULL:0) (KERNELBASE:0x00007FFA04760000) ( 0xffffffff, 0x22de1368, 0x2f860048, 0x7dbdf550 ) 
0x00007FF9A3BA1946	NULL (NULL:0) (asyncoremt:0x00007FF9A3BA0000) ( 0x18fd6523, 0x18fd6523, 0x0, 0x22de1368 ) 
0x00007FF9A3BA9204	NULL (NULL:0) (asyncoremt:0x00007FF9A3BA0000) ( 0x1, 0x1, 0x432d2590, 0x0 ) 
0x00007FF9A3BB0099	NULL (NULL:0) (asyncoremt:0x00007FF9A3BA0000) ( 0x0, 0x0, 0x0, 0x0 ) 
0x00007FF7804CC817	NULL (NULL:0) (xtop:0x00007FF7791E0000) ( 0x0, 0x22fa0168, 0x0, 0x22fa0168 ) 
0x00007FF7804D98E9	NULL (NULL:0) (xtop:0x00007FF7791E0000) ( 0x0, 0x22fa0240, 0x22fa0240, 0x22fa0168 ) 
0x00007FF9A389E5DA	NULL (NULL:0) (baselibmt:0x00007FF9A3820000) ( 0x22fa0168, 0x22fa0168, 0x0, 0x40 ) 
0x00007FF9A3903B9F	NULL (NULL:0) (baselibmt:0x00007FF9A3820000) ( 0x19de5e00, 0x0, 0x19f9e090, 0x7fffffff ) 
0x00007FFA04476C0C	NULL (NULL:0) (ucrtbase:0x00007FFA04450000) ( 0x0, 0x0, 0x0, 0x0 ) 
0x00007FFA04AF55A0	NULL (NULL:0) (KERNEL32:0x00007FFA04AE0000) ( 0x0, 0x0, 0x0, 0x0 ) 

Thread 7200
=====================
0x00007FFA04131414	NULL (NULL:0) (win32u:0x00007FFA04130000) ( 0x0, 0x0, 0x0, 0x0 ) 
0x00007FFA061FA326	NULL (NULL:0) (USER32:0x00007FFA061E0000) ( 0x0, 0x0, 0x0, 0x0 ) 
0x00007FF7803444D3	NULL (NULL:0) (xtop:0x00007FF7791E0000) ( 0x0, 0x0, 0x0, 0x0 ) 
0x00007FFA04AF55A0	NULL (NULL:0) (KERNEL32:0x00007FFA04AE0000) ( 0x0, 0x0, 0x0, 0x0 ) 

Thread 10996
=====================
0x00007FFA0413ABF4	NULL (NULL:0) (win32u:0x00007FFA04130000) ( 0x1729ba70, 0x6d039b0, 0x4047c, 0x218 ) 
0x00007FFA061FD33E	NULL (NULL:0) (USER32:0x00007FFA061E0000) ( 0x1, 0x477e09b, 0x0, 0x8c720000 ) 
0x00007FFA061FD235	NULL (NULL:0) (USER32:0x00007FFA061E0000) ( 0x0, 0x7e38fdd0, 0x0, 0x19fa69d0 ) 
0x00007FF98D39405F	NULL (NULL:0) (nvoglv64:0x00007FF98C720000) ( 0x0, 0x0, 0x0, 0x0 ) 
0x00007FFA04AF55A0	NULL (NULL:0) (KERNEL32:0x00007FFA04AE0000) ( 0x0, 0x0, 0x0, 0x0 ) 

Thread 14952
=====================
0x00007FFA06D03C04	NULL (NULL:0) (ntdll:0x00007FFA06C60000) ( 0x0, 0x0, 0x0, 0x0 ) 
0x00007FFA047A26DE	NULL (NULL:0) (KERNELBASE:0x00007FFA04760000) ( 0x2a80b820, 0x0, 0x0, 0xe88 ) 
0x00007FF98845F70D	NULL (NULL:0) (nvwgf2umx:0x00007FF987D40000) ( 0x0, 0x0, 0x2a613010, 0x0 ) 
0x00007FF9893783CC	NULL (NULL:0) (nvwgf2umx:0x00007FF987D40000) ( 0x0, 0x0, 0x0, 0x0 ) 
0x00007FFA04AF55A0	NULL (NULL:0) (KERNEL32:0x00007FFA04AE0000) ( 0x0, 0x0, 0x0, 0x0 ) 

Thread 2224
=====================
0x00007FFA06D03C04	NULL (NULL:0) (ntdll:0x00007FFA06C60000) ( 0x0, 0x0, 0x0, 0x0 ) 
0x00007FFA047A26DE	NULL (NULL:0) (KERNELBASE:0x00007FFA04760000) ( 0x2a80b820, 0x0, 0x0, 0xe88 ) 
0x00007FF98845F70D	NULL (NULL:0) (nvwgf2umx:0x00007FF987D40000) ( 0x0, 0x0, 0x2a613190, 0x0 ) 
0x00007FF9893783CC	NULL (NULL:0) (nvwgf2umx:0x00007FF987D40000) ( 0x0, 0x0, 0x0, 0x0 ) 
0x00007FFA04AF55A0	NULL (NULL:0) (KERNEL32:0x00007FFA04AE0000) ( 0x0, 0x0, 0x0, 0x0 ) 

Thread 8052
=====================
0x00007FFA06D03C04	NULL (NULL:0) (ntdll:0x00007FFA06C60000) ( 0x0, 0x0, 0x0, 0x0 ) 
0x00007FFA047A26DE	NULL (NULL:0) (KERNELBASE:0x00007FFA04760000) ( 0x2a80b820, 0x0, 0x0, 0xe88 ) 
0x00007FF98845F70D	NULL (NULL:0) (nvwgf2umx:0x00007FF987D40000) ( 0x0, 0x0, 0x2a613040, 0x0 ) 
0x00007FF9893783CC	NULL (NULL:0) (nvwgf2umx:0x00007FF987D40000) ( 0x0, 0x0, 0x0, 0x0 ) 
0x00007FFA04AF55A0	NULL (NULL:0) (KERNEL32:0x00007FFA04AE0000) ( 0x0, 0x0, 0x0, 0x0 ) 

Thread 2764
=====================
0x00007FFA06D03C04	NULL (NULL:0) (ntdll:0x00007FFA06C60000) ( 0x0, 0x0, 0x0, 0x0 ) 
0x00007FFA047A26DE	NULL (NULL:0) (KERNELBASE:0x00007FFA04760000) ( 0x2a80b820, 0x0, 0x0, 0xe88 ) 
0x00007FF98845F70D	NULL (NULL:0) (nvwgf2umx:0x00007FF987D40000) ( 0x0, 0x0, 0x2a613340, 0x0 ) 
0x00007FF9893783CC	NULL (NULL:0) (nvwgf2umx:0x00007FF987D40000) ( 0x0, 0x0, 0x0, 0x0 ) 
0x00007FFA04AF55A0	NULL (NULL:0) (KERNEL32:0x00007FFA04AE0000) ( 0x0, 0x0, 0x0, 0x0 ) 

Thread 928
=====================
0x00007FFA06D03C04	NULL (NULL:0) (ntdll:0x00007FFA06C60000) ( 0x18f40240, 0x19f9e0b8, 0x102, 0x1328 ) 
0x00007FFA047A26DE	NULL (NULL:0) (KERNELBASE:0x00007FFA04760000) ( 0x22fa01e0, 0x4a160800, 0x0, 0x1328 ) 
0x00007FF9A38A961F	NULL (NULL:0) (baselibmt:0x00007FF9A3820000) ( 0x22fa0168, 0x0, 0x4a160848, 0x0 ) 
0x00007FF9A38A3C48	NULL (NULL:0) (baselibmt:0x00007FF9A3820000) ( 0x4a1604b8, 0x7eb3f560, 0x0, 0x9ab224b9 ) 
0x00007FF9A38966EC	NULL (NULL:0) (baselibmt:0x00007FF9A3820000) ( 0x7eb3f750, 0x22a802a0, 0x0, 0x4a1604b8 ) 
0x00007FF9A389B79A	NULL (NULL:0) (baselibmt:0x00007FF9A3820000) ( 0x0, 0x7eb3f640, 0x7fffffff, 0x0 ) 
0x00007FF9A389F581	NULL (NULL:0) (baselibmt:0x00007FF9A3820000) ( 0x7fffffff, 0x4a160858, 0x7, 0x1 ) 
0x00007FF77A40796D	NULL (NULL:0) (xtop:0x00007FF7791E0000) ( 0x1, 0x1, 0x0, 0x4a1604b8 ) 
0x00007FF77A3FE569	NULL (NULL:0) (xtop:0x00007FF7791E0000) ( 0x18cb2e58, 0x0, 0x168b51b0, 0x168b51b0 ) 
0x00007FF9A3BD3676	NULL (NULL:0) (asyncoremt:0x00007FF9A3BA0000) ( 0x432d17e0, 0x18b022c0, 0x18cb2e58, 0x40 ) 
0x00007FF9A3BD33DA	NULL (NULL:0) (asyncoremt:0x00007FF9A3BA0000) ( 0x18b022c0, 0x169f08f0, 0x0, 0x18b022c0 ) 
0x00007FF9A3BD37AF	NULL (NULL:0) (asyncoremt:0x00007FF9A3BA0000) ( 0x193d7c80, 0x0, 0x0, 0x0 ) 
0x00007FFA04476C0C	NULL (NULL:0) (ucrtbase:0x00007FFA04450000) ( 0x0, 0x0, 0x0, 0x0 ) 
0x00007FFA04AF55A0	NULL (NULL:0) (KERNEL32:0x00007FFA04AE0000) ( 0x0, 0x0, 0x0, 0x0 ) 

Thread 11576
=====================
0x00007FFA06D046D4	NULL (NULL:0) (ntdll:0x00007FFA06C60000) ( 0x0, 0x0, 0x0, 0x0 ) 
0x00007FFA047AF310	NULL (NULL:0) (KERNELBASE:0x00007FFA04760000) ( 0x0, 0x0, 0x2a96fca0, 0x8a6e9830 ) 
0x00007FFA047AF20E	NULL (NULL:0) (KERNELBASE:0x00007FFA04760000) ( 0x406d1388, 0x0, 0x47a441c, 0x6 ) 
0x00007FF9880F95D7	NULL (NULL:0) (nvwgf2umx:0x00007FF987D40000) ( 0x2a96fca0, 0x8a6e9830, 0x2a96fca0, 0x0 ) 
0x00007FF9883C1D5A	NULL (NULL:0) (nvwgf2umx:0x00007FF987D40000) ( 0x40481160, 0x0, 0x0, 0x0 ) 
0x00007FF9893783CC	NULL (NULL:0) (nvwgf2umx:0x00007FF987D40000) ( 0x0, 0x0, 0x0, 0x0 ) 
0x00007FFA04AF55A0	NULL (NULL:0) (KERNEL32:0x00007FFA04AE0000) ( 0x0, 0x0, 0x0, 0x0 ) 

Thread 15436
=====================
0x00007FFA06D03C04	NULL (NULL:0) (ntdll:0x00007FFA06C60000) ( 0x18b3b110, 0x6c876e1, 0x18b3b100, 0x169f0000 ) 
0x00007FFA047A26DE	NULL (NULL:0) (KERNELBASE:0x00007FFA04760000) ( 0x40a0d238, 0x0, 0x0, 0x124c ) 
0x00007FF9A38585EB	NULL (NULL:0) (baselibmt:0x00007FF9A3820000) ( 0x22fa0168, 0x1, 0x8, 0x40 ) 
0x00007FF9A3903DD5	NULL (NULL:0) (baselibmt:0x00007FF9A3820000) ( 0x40bbf800, 0x0, 0x40a0d220, 0x3c ) 
0x00007FFA04476C0C	NULL (NULL:0) (ucrtbase:0x00007FFA04450000) ( 0x0, 0x0, 0x0, 0x0 ) 
0x00007FFA04AF55A0	NULL (NULL:0) (KERNEL32:0x00007FFA04AE0000) ( 0x0, 0x0, 0x0, 0x0 ) 

Thread 10392
=====================
0x00007FFA06D03C04	NULL (NULL:0) (ntdll:0x00007FFA06C60000) ( 0x18b3b650, 0x6c876e1, 0x18b3b640, 0x169f0000 ) 
0x00007FFA047A26DE	NULL (NULL:0) (KERNELBASE:0x00007FFA04760000) ( 0x40a0c338, 0x0, 0x0, 0x1260 ) 
0x00007FF9A38585EB	NULL (NULL:0) (baselibmt:0x00007FF9A3820000) ( 0xa3c2c4f0, 0x1, 0x8, 0x40 ) 
0x00007FF9A3903DD5	NULL (NULL:0) (baselibmt:0x00007FF9A3820000) ( 0x40b34f00, 0x0, 0x40a0c320, 0x3c ) 
0x00007FFA04476C0C	NULL (NULL:0) (ucrtbase:0x00007FFA04450000) ( 0x0, 0x0, 0x0, 0x0 ) 
0x00007FFA04AF55A0	NULL (NULL:0) (KERNEL32:0x00007FFA04AE0000) ( 0x0, 0x0, 0x0, 0x0 ) 

Thread 14064
=====================
0x00007FFA06D03C04	NULL (NULL:0) (ntdll:0x00007FFA06C60000) ( 0x20, 0x9ab22ebc, 0x20, 0x168b0870 ) 
0x00007FFA047A26DE	NULL (NULL:0) (KERNELBASE:0x00007FFA04760000) ( 0x40a0bc38, 0x0, 0x0, 0x1268 ) 
0x00007FF9A38585EB	NULL (NULL:0) (baselibmt:0x00007FF9A3820000) ( 0xa3c2c568, 0x1, 0x8, 0x40 ) 
0x00007FF9A3903DD5	NULL (NULL:0) (baselibmt:0x00007FF9A3820000) ( 0x40b34f00, 0x0, 0x40a0bc20, 0x3c ) 
0x00007FFA04476C0C	NULL (NULL:0) (ucrtbase:0x00007FFA04450000) ( 0x0, 0x0, 0x0, 0x0 ) 
0x00007FFA04AF55A0	NULL (NULL:0) (KERNEL32:0x00007FFA04AE0000) ( 0x0, 0x0, 0x0, 0x0 ) 

Thread 15732
=====================
0x00007FFA06D03C04	NULL (NULL:0) (ntdll:0x00007FFA06C60000) ( 0x10, 0x9ab22ebc, 0x10, 0x168b0870 ) 
0x00007FFA047A26DE	NULL (NULL:0) (KERNELBASE:0x00007FFA04760000) ( 0x40a0cc38, 0x0, 0x0, 0x1270 ) 
0x00007FF9A38585EB	NULL (NULL:0) (baselibmt:0x00007FF9A3820000) ( 0xa3c2c5e0, 0x1, 0x8, 0x40 ) 
0x00007FF9A3903DD5	NULL (NULL:0) (baselibmt:0x00007FF9A3820000) ( 0x40b35000, 0x0, 0x40a0cc20, 0x7fffffff ) 
0x00007FFA04476C0C	NULL (NULL:0) (ucrtbase:0x00007FFA04450000) ( 0x0, 0x0, 0x0, 0x0 ) 
0x00007FFA04AF55A0	NULL (NULL:0) (KERNEL32:0x00007FFA04AE0000) ( 0x0, 0x0, 0x0, 0x0 ) 

Thread 2996
=====================
0x00007FFA04131414	NULL (NULL:0) (win32u:0x00007FFA04130000) ( 0x400, 0x1ebfc60, 0x2, 0x0 ) 
0x00007FFA061FA326	NULL (NULL:0) (USER32:0x00007FFA061E0000) ( 0xff8, 0x0, 0x0, 0x0 ) 
0x00007FF77EBD0603	NULL (NULL:0) (xtop:0x00007FF7791E0000) ( 0x0, 0x0, 0x0, 0x0 ) 
0x00007FFA04AF55A0	NULL (NULL:0) (KERNEL32:0x00007FFA04AE0000) ( 0x0, 0x0, 0x0, 0x0 ) 

Thread 9032
=====================
0x00007FFA06D046D4	NULL (NULL:0) (ntdll:0x00007FFA06C60000) ( 0x650072, 0x750047, 0x96344f23, 0x730065 ) 
0x00007FFA047AF310	NULL (NULL:0) (KERNELBASE:0x00007FFA04760000) ( 0x40e5dde0, 0x266f949, 0x40e5dde0, 0x40e5dde0 ) 
0x00007FF9F2CB1E7F	NULL (NULL:0) (clr:0x00007FF9F2B20000) ( 0x40e5dde0, 0x40e5dde0, 0x0, 0x405b4ec0 ) 
0x00007FF9F2CB1D9B	NULL (NULL:0) (clr:0x00007FF9F2B20000) ( 0x0, 0x0, 0x0, 0x0 ) 
0x00007FF9F2CB1C91	NULL (NULL:0) (clr:0x00007FF9F2B20000) ( 0x0, 0x0, 0x0, 0x0 ) 
0x00007FFA04AF55A0	NULL (NULL:0) (KERNEL32:0x00007FFA04AE0000) ( 0x0, 0x0, 0x0, 0x0 ) 

Thread 15644
=====================
0x00007FFA06D046D4	NULL (NULL:0) (ntdll:0x00007FFA06C60000) ( 0x0, 0x58, 0x2e1f8c0, 0x0 ) 
0x00007FFA047AF310	NULL (NULL:0) (KERNELBASE:0x00007FFA04760000) ( 0x0, 0x0, 0x0, 0x0 ) 
0x00007FF9F2B7C19F	NULL (NULL:0) (clr:0x00007FF9F2B20000) ( 0xf2b762c0, 0x2e1fd98, 0x18, 0xf2b26057 ) 
0x00007FF9F2B76313	NULL (NULL:0) (clr:0x00007FF9F2B20000) ( 0x1, 0xf2b762c0, 0x2e1feb0, 0x0 ) 
0x00007FF9F2B282B8	NULL (NULL:0) (clr:0x00007FF9F2B20000) ( 0x2e1fd98, 0x0, 0x1, 0xf2b25d51 ) 
0x00007FF9F2B2822B	NULL (NULL:0) (clr:0x00007FF9F2B20000) ( 0x2e1fd98, 0x1, 0x0, 0x989680 ) 
0x00007FF9F2B2816B	NULL (NULL:0) (clr:0x00007FF9F2B20000) ( 0xffffffff, 0x2a7bdbf0, 0x1, 0x2e1feb0 ) 
0x00007FF9F2CA5246	NULL (NULL:0) (clr:0x00007FF9F2B20000) ( 0x0, 0x0, 0x0, 0xf2ca5130 ) 
0x00007FF9F2CF8005	NULL (NULL:0) (clr:0x00007FF9F2B20000) ( 0x0, 0x0, 0x0, 0x0 ) 
0x00007FFA04AF55A0	NULL (NULL:0) (KERNEL32:0x00007FFA04AE0000) ( 0x0, 0x0, 0x0, 0x0 ) 

Thread 9888
=====================
0x00007FFA06D04204	NULL (NULL:0) (ntdll:0x00007FFA06C60000) ( 0x0, 0x0, 0x35cfa98, 0xb2442b3d ) 
0x00007FFA06CBB873	NULL (NULL:0) (ntdll:0x00007FFA06C60000) ( 0x0, 0x0, 0x0, 0xb2442f2f ) 
0x00007FFA047AB031	NULL (NULL:0) (KERNELBASE:0x00007FFA04760000) ( 0x0, 0x0, 0xdc3cba00, 0x57cc300 ) 
0x00007FF9B23128E9	NULL (NULL:0) (exitlogger_app_sh:0x00007FF9B2310000) ( 0x3c, 0x12c, 0x2f284bb0, 0x0 ) 
0x00007FF9A3903B9F	NULL (NULL:0) (baselibmt:0x00007FF9A3820000) ( 0x19467600, 0x0, 0x40a0d620, 0x0 ) 
0x00007FFA04476C0C	NULL (NULL:0) (ucrtbase:0x00007FFA04450000) ( 0x0, 0x0, 0x0, 0x0 ) 
0x00007FFA04AF55A0	NULL (NULL:0) (KERNEL32:0x00007FFA04AE0000) ( 0x0, 0x0, 0x0, 0x0 ) 

Thread 5912
=====================
0x00007FFA06D03C04	NULL (NULL:0) (ntdll:0x00007FFA06C60000) ( 0x18b3fa20, 0x432d5dc0, 0x1, 0x0 ) 
0x00007FFA047A26DE	NULL (NULL:0) (KERNELBASE:0x00007FFA04760000) ( 0x18cb2e58, 0x18b0cab0, 0x0, 0x127c ) 
0x00007FF9A3858617	NULL (NULL:0) (baselibmt:0x00007FF9A3820000) ( 0x18cb2e58, 0x432d6101, 0x8, 0x40 ) 
0x00007FF9A3BD34D5	NULL (NULL:0) (asyncoremt:0x00007FF9A3BA0000) ( 0x432cb5f0, 0x169f08f0, 0x0, 0x432cb5f0 ) 
0x00007FF9A3BD37AF	NULL (NULL:0) (asyncoremt:0x00007FF9A3BA0000) ( 0x40ee5cd0, 0x0, 0x0, 0x0 ) 
0x00007FFA04476C0C	NULL (NULL:0) (ucrtbase:0x00007FFA04450000) ( 0x0, 0x0, 0x0, 0x0 ) 
0x00007FFA04AF55A0	NULL (NULL:0) (KERNEL32:0x00007FFA04AE0000) ( 0x0, 0x0, 0x0, 0x0 ) 

Thread 10200
=====================
0x00007FFA06D03C04	NULL (NULL:0) (ntdll:0x00007FFA06C60000) ( 0x18b3fac0, 0x432d5dc0, 0x1, 0x0 ) 
0x00007FFA047A26DE	NULL (NULL:0) (KERNELBASE:0x00007FFA04760000) ( 0x18cb2e58, 0x18b0cb40, 0x0, 0x1238 ) 
0x00007FF9A3858617	NULL (NULL:0) (baselibmt:0x00007FF9A3820000) ( 0x18cb2e58, 0x432d6401, 0x8, 0x40 ) 
0x00007FF9A3BD34D5	NULL (NULL:0) (asyncoremt:0x00007FF9A3BA0000) ( 0x432caba0, 0x169f08f0, 0x0, 0x432caba0 ) 
0x00007FF9A3BD37AF	NULL (NULL:0) (asyncoremt:0x00007FF9A3BA0000) ( 0x40ee5a90, 0x0, 0x0, 0x0 ) 
0x00007FFA04476C0C	NULL (NULL:0) (ucrtbase:0x00007FFA04450000) ( 0x0, 0x0, 0x0, 0x0 ) 
0x00007FFA04AF55A0	NULL (NULL:0) (KERNEL32:0x00007FFA04AE0000) ( 0x0, 0x0, 0x0, 0x0 ) 

Thread 11952
=====================
0x00007FFA06D03C04	NULL (NULL:0) (ntdll:0x00007FFA06C60000) ( 0x18b3bb90, 0x6c876e1, 0x18b3bb80, 0x169f0000 ) 
0x00007FFA047A26DE	NULL (NULL:0) (KERNELBASE:0x00007FFA04760000) ( 0x18cb2e58, 0x18b0caf0, 0x0, 0xa0c ) 
0x00007FF9A3858617	NULL (NULL:0) (baselibmt:0x00007FF9A3820000) ( 0x18cb2e58, 0x432d6d01, 0x8, 0x40 ) 
0x00007FF9A3BD34D5	NULL (NULL:0) (asyncoremt:0x00007FF9A3BA0000) ( 0x432cb800, 0x169f08f0, 0x0, 0x432cb800 ) 
0x00007FF9A3BD37AF	NULL (NULL:0) (asyncoremt:0x00007FF9A3BA0000) ( 0x40ca1c00, 0x0, 0x0, 0x0 ) 
0x00007FFA04476C0C	NULL (NULL:0) (ucrtbase:0x00007FFA04450000) ( 0x0, 0x0, 0x0, 0x0 ) 
0x00007FFA04AF55A0	NULL (NULL:0) (KERNEL32:0x00007FFA04AE0000) ( 0x0, 0x0, 0x0, 0x0 ) 
