
===========================================================================
Model "BOARD_XL6009_V1_1_1" exists. Name "BOARD_XL6009_V1_1_1_1" used instead.
===========================================================================

===========================================================================
Model "XL6009_V5_ASM_3_ASM_1" exists. Name "XL6009_V5_ASM_3_ASM_1_1" used instead.
===========================================================================

===========================================================================
Model "BODY1-925_2_1" exists. Name "BODY1-925_2_1_1" used instead.
===========================================================================

===========================================================================
Model "CAPAE-D8_0X10_2_V1_ASM_2_ASM_1" exists. Name "CAPAE-D8_0X10_2_V1_ASM_2_ASM__1" used instead.
===========================================================================

===========================================================================
Model "BODY2-926_1_1" exists. Name "BODY2-926_1_1_1" used instead.
===========================================================================

===========================================================================
Model "BODY3-927_1_1" exists. Name "BODY3-927_1_1_1" used instead.
===========================================================================

===========================================================================
Model "BODY4-928_1_1" exists. Name "BODY4-928_1_1_1" used instead.
===========================================================================

===========================================================================
Model "KERN__1_1" exists. Name "KERN__1_1_1" used instead.
===========================================================================

===========================================================================
Model "STEP-WE-PD-1280-REV1_V2_ASM_1_ASM_1" exists. Name "STEP-WE-PD-1280-REV1_V2_ASM_1_1" used instead.
===========================================================================

===========================================================================
Model "KERN___1__1_1" exists. Name "KERN___1__1_1_1" used instead.
===========================================================================

===========================================================================
Model "KERN___2__1_1" exists. Name "KERN___2__1_1_1" used instead.
===========================================================================

===========================================================================
Model "SCHALE__1_1" exists. Name "SCHALE__1_1_1" used instead.
===========================================================================

===========================================================================
Model "PIN__1_1" exists. Name "PIN__1_1_1" used instead.
===========================================================================

===========================================================================
Model "PIN___1__1_1" exists. Name "PIN___1__1_1_1" used instead.
===========================================================================

===========================================================================
Model "3296W_V3_1_1" exists. Name "3296W_V3_1_1_1" used instead.
===========================================================================

===========================================================================
Model "BODY1-936_1_1" exists. Name "BODY1-936_1_1_1" used instead.
===========================================================================

===========================================================================
Model "TO263-5-1_V1_ASM_1_ASM_1" exists. Name "TO263-5-1_V1_ASM_1_ASM_1_1" used instead.
===========================================================================

===========================================================================
Model "BODY2-937_1_1" exists. Name "BODY2-937_1_1_1" used instead.
===========================================================================

===========================================================================
Model "BODY3-938_1_1" exists. Name "BODY3-938_1_1_1" used instead.
===========================================================================

===========================================================================
Model "BODY4-939_1_1" exists. Name "BODY4-939_1_1_1" used instead.
===========================================================================

===========================================================================
Model "BODY5_1_1" exists. Name "BODY5_1_1_1" used instead.
===========================================================================

===========================================================================
Model "BODY6_1_1" exists. Name "BODY6_1_1_1" used instead.
===========================================================================

===========================================================================
Model "BODY7_3_1" exists. Name "BODY7_3_1_1" used instead.
===========================================================================

===========================================================================
Model "BODY1-943_1_1" exists. Name "BODY1-943_1_1_1" used instead.
===========================================================================

===========================================================================
Model "DIODE_SMA_V1_ASM_1_ASM_1" exists. Name "DIODE_SMA_V1_ASM_1_ASM_1_1" used instead.
===========================================================================

===========================================================================
Model "BODY2-944_1_1" exists. Name "BODY2-944_1_1_1" used instead.
===========================================================================

===========================================================================
Model "BODY3-945_1_1" exists. Name "BODY3-945_1_1_1" used instead.
===========================================================================

===========================================================================
Model "CAPASITOR1_2_1" exists. Name "CAPASITOR1_2_1_1" used instead.
===========================================================================

===========================================================================
Model "BOOST_BUCK_CONVERTER_ASM_1" exists. Name "BOOST_BUCK_CONVERTER_ASM_1_1" used instead.
===========================================================================
